<testsuite tests='3' results='2' failures='0' disabled='1' errors='0' time='0.781' name='behavior.logging_in'>
  <testcase classname='behavior.logging_in' name='user can login with correct password' time='0.071' />
  <testcase classname='behavior.logging_in' name='user can not login with incorrect password' time='0.012' />
  <testcase classname='behavior.logging_in' name='nonexistent user can not login to ' time='0.005'>
    <skipped />
  </testcase>
</testsuite>